<?xml version="1.0" encoding="UTF-8"?>
<testng-results ignored="0" total="1" passed="1" failed="0" skipped="0">
  <reporter-output>
  </reporter-output>
  <suite started-at="2026-04-06T10:32:44 IST" name="Default suite" finished-at="2026-04-06T10:32:53 IST" duration-ms="8436">
    <groups>
    </groups>
    <test started-at="2026-04-06T10:32:44 IST" name="Default test" finished-at="2026-04-06T10:32:53 IST" duration-ms="8436">
      <class name="tests.BookingTest">
        <test-method is-config="true" signature="setup()[pri:0, instance:tests.BookingTest@5bf0d49]" started-at="2026-04-06T10:32:44 IST" name="setup" finished-at="2026-04-06T10:32:48 IST" duration-ms="4143" status="PASS">
          <reporter-output>
          </reporter-output>
        </test-method> <!-- setup -->
        <test-method signature="testBookingFlow()[pri:0, instance:tests.BookingTest@5bf0d49]" started-at="2026-04-06T10:32:48 IST" name="testBookingFlow" finished-at="2026-04-06T10:32:52 IST" duration-ms="3885" status="PASS">
          <reporter-output>
          </reporter-output>
        </test-method> <!-- testBookingFlow -->
        <test-method is-config="true" signature="teardown()[pri:0, instance:tests.BookingTest@5bf0d49]" started-at="2026-04-06T10:32:52 IST" name="teardown" finished-at="2026-04-06T10:32:53 IST" duration-ms="374" status="PASS">
          <reporter-output>
          </reporter-output>
        </test-method> <!-- teardown -->
      </class> <!-- tests.BookingTest -->
    </test> <!-- Default test -->
  </suite> <!-- Default suite -->
</testng-results>
