<?xml version="1.0" encoding="UTF-8"?>
<testng-results ignored="0" total="3" passed="3" failed="0" skipped="0">
  <reporter-output>
  </reporter-output>
  <suite started-at="2026-04-01T11:36:15 IST" name="Default suite" finished-at="2026-04-01T11:36:21 IST" duration-ms="6255">
    <groups>
    </groups>
    <test started-at="2026-04-01T11:36:15 IST" name="Default test" finished-at="2026-04-01T11:36:21 IST" duration-ms="6255">
      <class name="tests.BookingTest">
        <test-method is-config="true" signature="setup()[pri:0, instance:tests.BookingTest@776aec5c]" started-at="2026-04-01T11:36:15 IST" name="setup" finished-at="2026-04-01T11:36:18 IST" duration-ms="3291" status="PASS">
          <reporter-output>
          </reporter-output>
        </test-method> <!-- setup -->
        <test-method signature="testBookingFlow()[pri:0, instance:tests.BookingTest@776aec5c]" started-at="2026-04-01T11:36:18 IST" name="testBookingFlow" finished-at="2026-04-01T11:36:19 IST" duration-ms="729" status="PASS">
          <reporter-output>
          </reporter-output>
        </test-method> <!-- testBookingFlow -->
        <test-method signature="testCheckAvailabilityAndBookRoom()[pri:0, instance:tests.BookingTest@776aec5c]" started-at="2026-04-01T11:36:19 IST" name="testCheckAvailabilityAndBookRoom" finished-at="2026-04-01T11:36:20 IST" duration-ms="1179" status="PASS">
          <reporter-output>
          </reporter-output>
        </test-method> <!-- testCheckAvailabilityAndBookRoom -->
        <test-method signature="testElementVisibility()[pri:0, instance:tests.BookingTest@776aec5c]" started-at="2026-04-01T11:36:20 IST" name="testElementVisibility" finished-at="2026-04-01T11:36:21 IST" duration-ms="607" status="PASS">
          <reporter-output>
          </reporter-output>
        </test-method> <!-- testElementVisibility -->
        <test-method is-config="true" signature="teardown()[pri:0, instance:tests.BookingTest@776aec5c]" started-at="2026-04-01T11:36:21 IST" name="teardown" finished-at="2026-04-01T11:36:21 IST" duration-ms="423" status="PASS">
          <reporter-output>
          </reporter-output>
        </test-method> <!-- teardown -->
      </class> <!-- tests.BookingTest -->
    </test> <!-- Default test -->
  </suite> <!-- Default suite -->
</testng-results>
