<?xml version="1.0" encoding="UTF-8"?>
<!-- Generated by org.testng.reporters.JUnitXMLReporter -->
<testsuite ignored="0" hostname="LAPTOP-GE9VBDCN" failures="0" tests="3" name="Default test" time="6.255" errors="0" timestamp="2026-04-01T11:36:21 IST">
  <testcase classname="tests.BookingTest" name="testBookingFlow" time="0.729"/>
  <testcase classname="tests.BookingTest" name="testCheckAvailabilityAndBookRoom" time="1.179"/>
  <testcase classname="tests.BookingTest" name="testElementVisibility" time="0.607"/>
</testsuite> <!-- Default test -->
