<?xml version="1.0" encoding="UTF-8"?>
<!-- Generated by org.testng.reporters.JUnitReportReporter -->
<testsuite hostname="LAPTOP-GE9VBDCN" failures="0" tests="3" name="tests.BookingTest" time="2.515" errors="0" timestamp="2026-04-01T11:36:21 IST" skipped="0">
  <testcase classname="tests.BookingTest" name="testCheckAvailabilityAndBookRoom" time="1.179"/>
  <testcase classname="tests.BookingTest" name="testBookingFlow" time="0.729"/>
  <testcase classname="tests.BookingTest" name="testElementVisibility" time="0.607"/>
</testsuite> <!-- tests.BookingTest -->
